<?xml version="1.0" encoding="UTF-8"?>
<!-- Generated by org.testng.reporters.JUnitReportReporter -->
<testsuite hostname="DESKTOP-O5JPKBS" failures="0" tests="1" name="selenium.BrowserTest" time="5.021" errors="0" timestamp="2023-02-25T11:41:28 EST" skipped="0">
  <testcase classname="selenium.BrowserTest" name="browserTest" time="5.021"/>
  <system-out/>
</testsuite> <!-- selenium.BrowserTest -->
